This file contains any messages produced by compilers while
running configure, to aid debugging if configure makes a mistake.

It was created by Net-SNMP configure 5.7.2, which was
generated by GNU Autoconf 2.68.  Invocation command line was

  $ ./configure --prefix=/usr/bin --disable-debugging --enable-static --disable-shared --exec-prefix=/usr/bin --bindir=/usr/bin --sbindir=/usr/bin --datarootdir=/etc libdir=/usr/lib --with-install-prefix=/home/yangshaokun/work/ow/study_wifi/0.2.6/src/router/mipsel-uclibc/target --without-openssl --disable-embedded-perl --disable-perl-cc-checks --host=mipsel-uclibc-linux26 --build=-linux --target=mipsel-uclibc-linux26 --without-perl-modules --enable-mini-agent --enable-minimalist --disable-deprecated --with-features=CHECK_VB_TYPE_AND_MAX_SIZE --disable-ipv6 --without-kmem-usage --disable-mib-loading --enable-des --enable-md5 --disable-manuals --disable-scripts --with-cflags=-I/home/yangshaokun/work/ow/study_wifi/0.2.6/src/include -I/home/yangshaokun/work/ow/study_wifi/0.2.6/src/router/shared -Os -DBCMWPA2 -DBCMQOS -D__CONFIG_WPS__ -D__CONFIG_EMF__ -D__CONFIG_IGMP_PROXY__ -DPHYMON -DLW_CUST -DVENDOR_BLUENET -Os -DBCMWPA2 -DBCMQOS -D__CONFIG_WPS__ -D__CONFIG_EMF__ -D__CONFIG_IGMP_PROXY__ -DPHYMON -DLW_CUST -DVENDOR_BLUENET --with-ldflags=-L/home/yangshaokun/work/ow/study_wifi/0.2.6/src/router/mipsel-uclibc/target/lib -L/home/yangshaokun/work/ow/study_wifi/0.2.6/src/router/mipsel-uclibc/target/usr/lib -L/home/yangshaokun/work/ow/study_wifi/0.2.6/src/router/nvram -L/home/yangshaokun/work/ow/study_wifi/0.2.6/src/router/shared --with-libs=-lnvram -lshared --with-default-snmp-version=2c --with-mib-modules=gxgdWiFiModule --with-sys-contact=admin@bluenet.com --with-sys-location=shanghai --with-logfile=/tmp/snmpd.log --with-persistent-directory=/var/net-snmp

## --------- ##
## Platform. ##
## --------- ##

hostname = server
uname -m = x86_64
uname -r = 3.13.0-74-generic
uname -s = Linux
uname -v = #118-Ubuntu SMP Thu Dec 17 22:52:10 UTC 2015

/usr/bin/uname -p = unknown
/bin/uname -X     = unknown

/bin/arch              = unknown
/usr/bin/arch -k       = unknown
/usr/convex/getsysinfo = unknown
/usr/bin/hostinfo      = unknown
/bin/machine           = unknown
/usr/bin/oslevel       = unknown
/bin/universe          = unknown

PATH: /bin
PATH: /opt/hisi-linux/x86-arm/arm-hisiv200-linux/target/bin
PATH: /home/teidor/cmake-3.1.0-rc3/bin
PATH: /usr/local/sbin
PATH: /usr/local/bin
PATH: /usr/sbin
PATH: /usr/bin
PATH: /sbin
PATH: /bin
PATH: /usr/games
PATH: /usr/local/games
PATH: /opt/toolchains/hndtools-mipsel-linux-uclibc-4.2.3/bin


## ----------- ##
## Core tests. ##
## ----------- ##

configure:3723: checking what to build and install
configure:3725: result:  agent apps mibs
configure:4057: result: using default persistent mask 077
configure:4096: result: using default temporary file pattern /tmp/snmpdXXXXXX
configure:4509: result: using default AgentX socket /var/agentx/master
configure:4537: result: adding in features: CHECK_VB_TYPE_AND_MAX_SIZE
configure:4861: result: using default "enterprise.net-snmp"
configure:4899: result: using default enterprise sysOID "NET-SNMP-MIB::netSnmpAgentOIDs..."
configure:4937: result: using default notifications "NET-SNMP-MIB::netSnmpNotifications"
configure:5043: result: using OS default send buffer size for server sockets
configure:5065: result: using OS default recv buffer size for server sockets
configure:5087: result: using OS default send buffer size for client sockets
configure:5109: result: using OS default recv buffer size for client sockets
configure:5284: checking Default version of SNMP to use
configure:5327: result: 2
configure:5355: checking System Contact Information
configure:5389: result: admin@bluenet.com
configure:5408: checking System Location
configure:5441: result: shanghai
configure:5466: checking Location to write logfile
configure:5500: result: /tmp/snmpd.log
configure:5527: checking Location to write persistent information
configure:5565: result: /var/net-snmp
configure:5643: checking if I need to feed myself to ksh
configure:5659: result: no
configure:5668: checking for grep that handles long lines and -e
configure:5726: result: /bin/grep
configure:5731: checking for egrep
configure:5793: result: /bin/grep -E
configure:5798: checking for grep that handles long lines and -e
configure:5856: result: /bin/grep
configure:5904: checking for a BSD-compatible install
configure:5972: result: /usr/bin/install -c
configure:5983: checking whether ln -s works
configure:5987: result: yes
configure:5994: checking whether make sets $(MAKE)
configure:6016: result: yes
configure:6025: checking for a sed that does not truncate output
configure:6089: result: /bin/sed
configure:6099: checking for file
configure:6115: found /usr/bin/file
configure:6126: result: file
configure:6150: checking for find
configure:6166: found /usr/bin/find
configure:6177: result: find
configure:6192: checking for whoami
configure:6208: found /usr/bin/whoami
configure:6219: result: whoami
configure:6234: checking for autoconf
configure:6252: found /usr/bin/autoconf
configure:6264: result: /usr/bin/autoconf
configure:6274: checking for autoheader
configure:6292: found /usr/bin/autoheader
configure:6304: result: /usr/bin/autoheader
configure:6314: checking for perl
configure:6332: found /usr/bin/perl
configure:6344: result: /usr/bin/perl
configure:6354: checking for ps
configure:6372: found /bin/ps
configure:6384: result: /bin/ps
configure:6394: checking for python
configure:6412: found /usr/bin/python
configure:6424: result: /usr/bin/python
configure:6435: checking for uname
configure:6453: found /bin/uname
configure:6465: result: /bin/uname
configure:6501: checking whether the Perl function system() invokes a POSIX shell
configure:6509: result: yes
configure:6531: checking for mipsel-uclibc-linux26-gcc
configure:6558: result: mipsel-uclibc-linux26-gcc
configure:6827: checking for C compiler version
configure:6836: mipsel-uclibc-linux26-gcc --version >&5
mipsel-uclibc-linux26-gcc (GCC) 4.2.3
Copyright (C) 2007 Free Software Foundation, Inc.
This is free software; see the source for copying conditions.  There is NO
warranty; not even for MERCHANTABILITY or FITNESS FOR A PARTICULAR PURPOSE.

configure:6847: $? = 0
configure:6836: mipsel-uclibc-linux26-gcc -v >&5
Using built-in specs.
Target: mipsel-linux-uclibc
Configured with: /projects/settops/karthikb/93382MVG/temp/src/toolchains/linux-2.6/buildroot/toolchain_build_mipsel/gcc-4.2.3/configure --prefix=/opt/toolchains/hndtools-mipsel-linux-uclibc-4.2.3 --build=x86_64-pc-linux-gnu --host=x86_64-pc-linux-gnu --target=mipsel-linux-uclibc --enable-languages=c,c++ --disable-__cxa_atexit --enable-target-optspace --with-gnu-ld --with-gmp=/projects/settops/karthikb/93382MVG/temp/src/toolchains/linux-2.6/buildroot/toolchain_build_mipsel/gmp --with-mpfr=/projects/settops/karthikb/93382MVG/temp/src/toolchains/linux-2.6/buildroot/toolchain_build_mipsel/mpfr --enable-shared --disable-nls --enable-threads --disable-multilib --with-abi=32 --with-tune=mips32
Thread model: posix
gcc version 4.2.3
configure:6847: $? = 0
configure:6836: mipsel-uclibc-linux26-gcc -V >&5
mipsel-uclibc-linux26-gcc: '-V' option must have argument
configure:6847: $? = 1
configure:6836: mipsel-uclibc-linux26-gcc -qversion >&5
mipsel-uclibc-linux26-gcc: unrecognized option '-qversion'
mipsel-uclibc-linux26-gcc: no input files
configure:6847: $? = 1
configure:6867: checking whether the C compiler works
configure:6889: mipsel-uclibc-linux26-gcc -I/home/yangshaokun/work/ow/study_wifi/0.2.6/src/include -I/home/yangshaokun/work/ow/study_wifi/0.2.6/src/router/shared -Os -DBCMWPA2 -DBCMQOS -D__CONFIG_WPS__ -D__CONFIG_EMF__ -D__CONFIG_IGMP_PROXY__ -DPHYMON -DLW_CUST -DVENDOR_BLUENET -Os -DBCMWPA2 -DBCMQOS -D__CONFIG_WPS__ -D__CONFIG_EMF__ -D__CONFIG_IGMP_PROXY__ -DPHYMON -DLW_CUST -DVENDOR_BLUENET  -L/home/yangshaokun/work/ow/study_wifi/0.2.6/src/router/mipsel-uclibc/target/lib -L/home/yangshaokun/work/ow/study_wifi/0.2.6/src/router/mipsel-uclibc/target/usr/lib -L/home/yangshaokun/work/ow/study_wifi/0.2.6/src/router/nvram -L/home/yangshaokun/work/ow/study_wifi/0.2.6/src/router/shared conftest.c -lnvram -lshared >&5
configure:6893: $? = 0
configure:6941: result: yes
configure:6944: checking for C compiler default output file name
configure:6946: result: a.out
configure:6952: checking for suffix of executables
configure:6959: mipsel-uclibc-linux26-gcc -o conftest -I/home/yangshaokun/work/ow/study_wifi/0.2.6/src/include -I/home/yangshaokun/work/ow/study_wifi/0.2.6/src/router/shared -Os -DBCMWPA2 -DBCMQOS -D__CONFIG_WPS__ -D__CONFIG_EMF__ -D__CONFIG_IGMP_PROXY__ -DPHYMON -DLW_CUST -DVENDOR_BLUENET -Os -DBCMWPA2 -DBCMQOS -D__CONFIG_WPS__ -D__CONFIG_EMF__ -D__CONFIG_IGMP_PROXY__ -DPHYMON -DLW_CUST -DVENDOR_BLUENET  -L/home/yangshaokun/work/ow/study_wifi/0.2.6/src/router/mipsel-uclibc/target/lib -L/home/yangshaokun/work/ow/study_wifi/0.2.6/src/router/mipsel-uclibc/target/usr/lib -L/home/yangshaokun/work/ow/study_wifi/0.2.6/src/router/nvram -L/home/yangshaokun/work/ow/study_wifi/0.2.6/src/router/shared conftest.c -lnvram -lshared >&5
configure:6963: $? = 0
configure:6985: result: 
configure:7007: checking whether we are cross compiling
configure:7045: result: yes
configure:7050: checking for suffix of object files
configure:7072: mipsel-uclibc-linux26-gcc -c -I/home/yangshaokun/work/ow/study_wifi/0.2.6/src/include -I/home/yangshaokun/work/ow/study_wifi/0.2.6/src/router/shared -Os -DBCMWPA2 -DBCMQOS -D__CONFIG_WPS__ -D__CONFIG_EMF__ -D__CONFIG_IGMP_PROXY__ -DPHYMON -DLW_CUST -DVENDOR_BLUENET -Os -DBCMWPA2 -DBCMQOS -D__CONFIG_WPS__ -D__CONFIG_EMF__ -D__CONFIG_IGMP_PROXY__ -DPHYMON -DLW_CUST -DVENDOR_BLUENET  conftest.c >&5
configure:7076: $? = 0
configure:7097: result: o
configure:7101: checking whether we are using the GNU C compiler
configure:7120: mipsel-uclibc-linux26-gcc -c -I/home/yangshaokun/work/ow/study_wifi/0.2.6/src/include -I/home/yangshaokun/work/ow/study_wifi/0.2.6/src/router/shared -Os -DBCMWPA2 -DBCMQOS -D__CONFIG_WPS__ -D__CONFIG_EMF__ -D__CONFIG_IGMP_PROXY__ -DPHYMON -DLW_CUST -DVENDOR_BLUENET -Os -DBCMWPA2 -DBCMQOS -D__CONFIG_WPS__ -D__CONFIG_EMF__ -D__CONFIG_IGMP_PROXY__ -DPHYMON -DLW_CUST -DVENDOR_BLUENET  conftest.c >&5
configure:7120: $? = 0
configure:7129: result: yes
configure:7138: checking whether mipsel-uclibc-linux26-gcc accepts -g
configure:7158: mipsel-uclibc-linux26-gcc -c -g  conftest.c >&5
configure:7158: $? = 0
configure:7199: result: yes
configure:7216: checking for mipsel-uclibc-linux26-gcc option to accept ISO C89
configure:7280: mipsel-uclibc-linux26-gcc  -c -I/home/yangshaokun/work/ow/study_wifi/0.2.6/src/include -I/home/yangshaokun/work/ow/study_wifi/0.2.6/src/router/shared -Os -DBCMWPA2 -DBCMQOS -D__CONFIG_WPS__ -D__CONFIG_EMF__ -D__CONFIG_IGMP_PROXY__ -DPHYMON -DLW_CUST -DVENDOR_BLUENET -Os -DBCMWPA2 -DBCMQOS -D__CONFIG_WPS__ -D__CONFIG_EMF__ -D__CONFIG_IGMP_PROXY__ -DPHYMON -DLW_CUST -DVENDOR_BLUENET  conftest.c >&5
configure:7280: $? = 0
configure:7293: result: none needed
configure:7318: checking how to run the C preprocessor
configure:7349: mipsel-uclibc-linux26-gcc -E  conftest.c
configure:7349: $? = 0
configure:7363: mipsel-uclibc-linux26-gcc -E  conftest.c
conftest.c:28:28: error: ac_nonexistent.h: No such file or directory
configure:7363: $? = 1
configure: failed program was:
| /* confdefs.h */
| #define PACKAGE_NAME "Net-SNMP"
| #define PACKAGE_TARNAME "net-snmp"
| #define PACKAGE_VERSION "5.7.2"
| #define PACKAGE_STRING "Net-SNMP 5.7.2"
| #define PACKAGE_BUGREPORT "net-snmp-coders@lists.sourceforge.net"
| #define PACKAGE_URL ""
| #define NETSNMP_CONFIGURE_OPTIONS " '--prefix=/usr/bin' '--disable-debugging' '--enable-static' '--disable-shared' '--exec-prefix=/usr/bin' '--bindir=/usr/bin' '--sbindir=/usr/bin' '--datarootdir=/etc' 'libdir=/usr/lib' '--with-install-prefix=/home/yangshaokun/work/ow/study_wifi/0.2.6/src/router/mipsel-uclibc/target' '--without-openssl' '--disable-embedded-perl' '--disable-perl-cc-checks' '--host=mipsel-uclibc-linux26' '--build=-linux' '--target=mipsel-uclibc-linux26' '--without-perl-modules' '--enable-mini-agent' '--enable-minimalist' '--disable-deprecated' '--with-features=CHECK_VB_TYPE_AND_MAX_SIZE' '--disable-ipv6' '--without-kmem-usage' '--disable-mib-loading' '--enable-des' '--enable-md5' '--disable-manuals' '--disable-scripts' '--with-cflags=-I/home/yangshaokun/work/ow/study_wifi/0.2.6/src/include -I/home/yangshaokun/work/ow/study_wifi/0.2.6/src/router/shared -Os -DBCMWPA2 -DBCMQOS -D__CONFIG_WPS__ -D__CONFIG_EMF__ -D__CONFIG_IGMP_PROXY__ -DPHYMON -DLW_CUST -DVENDOR_BLUENET -Os -DBCMWPA2 -DBCMQOS -D__CONFIG_WPS__ -D__CONFIG_EMF__ -D__CONFIG_IGMP_PROXY__ -DPHYMON -DLW_CUST -DVENDOR_BLUENET' '--with-ldflags=-L/home/yangshaokun/work/ow/study_wifi/0.2.6/src/router/mipsel-uclibc/target/lib -L/home/yangshaokun/work/ow/study_wifi/0.2.6/src/router/mipsel-uclibc/target/usr/lib -L/home/yangshaokun/work/ow/study_wifi/0.2.6/src/router/nvram -L/home/yangshaokun/work/ow/study_wifi/0.2.6/src/router/shared' '--with-libs=-lnvram -lshared' '--with-default-snmp-version=2c' '--with-mib-modules=gxgdWiFiModule' '--with-sys-contact=admin@bluenet.com' '--with-sys-location=shanghai' '--with-logfile=/tmp/snmpd.log' '--with-persistent-directory=/var/net-snmp' 'build_alias=-linux' 'host_alias=mipsel-uclibc-linux26' 'target_alias=mipsel-uclibc-linux26' 'CC=mipsel-uclibc-linux26-gcc' 'CFLAGS=-Os -DBCMWPA2 -DBCMQOS -D__CONFIG_WPS__ -D__CONFIG_EMF__ -D__CONFIG_IGMP_PROXY__ -DPHYMON -DLW_CUST -DVENDOR_BLUENET -Os -DBCMWPA2 -DBCMQOS -D__CONFIG_WPS__ -D__CONFIG_EMF__ -D__CONFIG_IGMP_PROXY__ -DPHYMON -DLW_CUST -DVENDOR_BLUENET'"
| #define NETSNMP_DISABLE_MIB_LOADING 1
| #define NETSNMP_ENABLE_SCAPI_AUTHPRIV 1
| #define NETSNMP_WITH_OPAQUE_SPECIAL_TYPES 1
| #define NETSNMP_PERSISTENT_MASK 077
| #define NETSNMP_TEMP_FILE_PATTERN "/tmp/snmpdXXXXXX"
| #define NETSNMP_ALWAYS_DEBUG 1
| #define NETSNMP_NO_DEBUGGING 1
| #define NETSNMP_NO_DEPRECATED_FUNCTIONS 1
| #define NETSNMP_NO_KMEM_USAGE 1
| #define NETSNMP_NO_DUMMY_VALUES 1
| #define NETSNMP_AGENTX_SOCKET "/var/agentx/master"
| #define NETSNMP_MINIMAL_CODE 1
| #define NETSNMP_DEFAULT_SNMP_VERSION 2
| #define NETSNMP_SYS_CONTACT "admin@bluenet.com"
| #define NETSNMP_SYS_LOC "shanghai"
| #define NETSNMP_LOGFILE "/tmp/snmpd.log"
| #define NETSNMP_PERSISTENT_DIRECTORY "/var/net-snmp"
| #define UNAMEPROG "/bin/uname"
| /* end confdefs.h.  */
| #include <ac_nonexistent.h>
configure:7388: result: mipsel-uclibc-linux26-gcc -E
configure:7408: mipsel-uclibc-linux26-gcc -E  conftest.c
configure:7408: $? = 0
configure:7422: mipsel-uclibc-linux26-gcc -E  conftest.c
conftest.c:28:28: error: ac_nonexistent.h: No such file or directory
configure:7422: $? = 1
configure: failed program was:
| /* confdefs.h */
| #define PACKAGE_NAME "Net-SNMP"
| #define PACKAGE_TARNAME "net-snmp"
| #define PACKAGE_VERSION "5.7.2"
| #define PACKAGE_STRING "Net-SNMP 5.7.2"
| #define PACKAGE_BUGREPORT "net-snmp-coders@lists.sourceforge.net"
| #define PACKAGE_URL ""
| #define NETSNMP_CONFIGURE_OPTIONS " '--prefix=/usr/bin' '--disable-debugging' '--enable-static' '--disable-shared' '--exec-prefix=/usr/bin' '--bindir=/usr/bin' '--sbindir=/usr/bin' '--datarootdir=/etc' 'libdir=/usr/lib' '--with-install-prefix=/home/yangshaokun/work/ow/study_wifi/0.2.6/src/router/mipsel-uclibc/target' '--without-openssl' '--disable-embedded-perl' '--disable-perl-cc-checks' '--host=mipsel-uclibc-linux26' '--build=-linux' '--target=mipsel-uclibc-linux26' '--without-perl-modules' '--enable-mini-agent' '--enable-minimalist' '--disable-deprecated' '--with-features=CHECK_VB_TYPE_AND_MAX_SIZE' '--disable-ipv6' '--without-kmem-usage' '--disable-mib-loading' '--enable-des' '--enable-md5' '--disable-manuals' '--disable-scripts' '--with-cflags=-I/home/yangshaokun/work/ow/study_wifi/0.2.6/src/include -I/home/yangshaokun/work/ow/study_wifi/0.2.6/src/router/shared -Os -DBCMWPA2 -DBCMQOS -D__CONFIG_WPS__ -D__CONFIG_EMF__ -D__CONFIG_IGMP_PROXY__ -DPHYMON -DLW_CUST -DVENDOR_BLUENET -Os -DBCMWPA2 -DBCMQOS -D__CONFIG_WPS__ -D__CONFIG_EMF__ -D__CONFIG_IGMP_PROXY__ -DPHYMON -DLW_CUST -DVENDOR_BLUENET' '--with-ldflags=-L/home/yangshaokun/work/ow/study_wifi/0.2.6/src/router/mipsel-uclibc/target/lib -L/home/yangshaokun/work/ow/study_wifi/0.2.6/src/router/mipsel-uclibc/target/usr/lib -L/home/yangshaokun/work/ow/study_wifi/0.2.6/src/router/nvram -L/home/yangshaokun/work/ow/study_wifi/0.2.6/src/router/shared' '--with-libs=-lnvram -lshared' '--with-default-snmp-version=2c' '--with-mib-modules=gxgdWiFiModule' '--with-sys-contact=admin@bluenet.com' '--with-sys-location=shanghai' '--with-logfile=/tmp/snmpd.log' '--with-persistent-directory=/var/net-snmp' 'build_alias=-linux' 'host_alias=mipsel-uclibc-linux26' 'target_alias=mipsel-uclibc-linux26' 'CC=mipsel-uclibc-linux26-gcc' 'CFLAGS=-Os -DBCMWPA2 -DBCMQOS -D__CONFIG_WPS__ -D__CONFIG_EMF__ -D__CONFIG_IGMP_PROXY__ -DPHYMON -DLW_CUST -DVENDOR_BLUENET -Os -DBCMWPA2 -DBCMQOS -D__CONFIG_WPS__ -D__CONFIG_EMF__ -D__CONFIG_IGMP_PROXY__ -DPHYMON -DLW_CUST -DVENDOR_BLUENET'"
| #define NETSNMP_DISABLE_MIB_LOADING 1
| #define NETSNMP_ENABLE_SCAPI_AUTHPRIV 1
| #define NETSNMP_WITH_OPAQUE_SPECIAL_TYPES 1
| #define NETSNMP_PERSISTENT_MASK 077
| #define NETSNMP_TEMP_FILE_PATTERN "/tmp/snmpdXXXXXX"
| #define NETSNMP_ALWAYS_DEBUG 1
| #define NETSNMP_NO_DEBUGGING 1
| #define NETSNMP_NO_DEPRECATED_FUNCTIONS 1
| #define NETSNMP_NO_KMEM_USAGE 1
| #define NETSNMP_NO_DUMMY_VALUES 1
| #define NETSNMP_AGENTX_SOCKET "/var/agentx/master"
| #define NETSNMP_MINIMAL_CODE 1
| #define NETSNMP_DEFAULT_SNMP_VERSION 2
| #define NETSNMP_SYS_CONTACT "admin@bluenet.com"
| #define NETSNMP_SYS_LOC "shanghai"
| #define NETSNMP_LOGFILE "/tmp/snmpd.log"
| #define NETSNMP_PERSISTENT_DIRECTORY "/var/net-snmp"
| #define UNAMEPROG "/bin/uname"
| /* end confdefs.h.  */
| #include <ac_nonexistent.h>
configure:7455: checking for ANSI C header files
configure:7475: mipsel-uclibc-linux26-gcc -c -I/home/yangshaokun/work/ow/study_wifi/0.2.6/src/include -I/home/yangshaokun/work/ow/study_wifi/0.2.6/src/router/shared -Os -DBCMWPA2 -DBCMQOS -D__CONFIG_WPS__ -D__CONFIG_EMF__ -D__CONFIG_IGMP_PROXY__ -DPHYMON -DLW_CUST -DVENDOR_BLUENET -Os -DBCMWPA2 -DBCMQOS -D__CONFIG_WPS__ -D__CONFIG_EMF__ -D__CONFIG_IGMP_PROXY__ -DPHYMON -DLW_CUST -DVENDOR_BLUENET  conftest.c >&5
configure:7475: $? = 0
configure:7559: result: yes
configure:7572: checking for sys/types.h
configure:7572: mipsel-uclibc-linux26-gcc -c -I/home/yangshaokun/work/ow/study_wifi/0.2.6/src/include -I/home/yangshaokun/work/ow/study_wifi/0.2.6/src/router/shared -Os -DBCMWPA2 -DBCMQOS -D__CONFIG_WPS__ -D__CONFIG_EMF__ -D__CONFIG_IGMP_PROXY__ -DPHYMON -DLW_CUST -DVENDOR_BLUENET -Os -DBCMWPA2 -DBCMQOS -D__CONFIG_WPS__ -D__CONFIG_EMF__ -D__CONFIG_IGMP_PROXY__ -DPHYMON -DLW_CUST -DVENDOR_BLUENET  conftest.c >&5
configure:7572: $? = 0
configure:7572: result: yes
configure:7572: checking for sys/stat.h
configure:7572: mipsel-uclibc-linux26-gcc -c -I/home/yangshaokun/work/ow/study_wifi/0.2.6/src/include -I/home/yangshaokun/work/ow/study_wifi/0.2.6/src/router/shared -Os -DBCMWPA2 -DBCMQOS -D__CONFIG_WPS__ -D__CONFIG_EMF__ -D__CONFIG_IGMP_PROXY__ -DPHYMON -DLW_CUST -DVENDOR_BLUENET -Os -DBCMWPA2 -DBCMQOS -D__CONFIG_WPS__ -D__CONFIG_EMF__ -D__CONFIG_IGMP_PROXY__ -DPHYMON -DLW_CUST -DVENDOR_BLUENET  conftest.c >&5
configure:7572: $? = 0
configure:7572: result: yes
configure:7572: checking for stdlib.h
configure:7572: mipsel-uclibc-linux26-gcc -c -I/home/yangshaokun/work/ow/study_wifi/0.2.6/src/include -I/home/yangshaokun/work/ow/study_wifi/0.2.6/src/router/shared -Os -DBCMWPA2 -DBCMQOS -D__CONFIG_WPS__ -D__CONFIG_EMF__ -D__CONFIG_IGMP_PROXY__ -DPHYMON -DLW_CUST -DVENDOR_BLUENET -Os -DBCMWPA2 -DBCMQOS -D__CONFIG_WPS__ -D__CONFIG_EMF__ -D__CONFIG_IGMP_PROXY__ -DPHYMON -DLW_CUST -DVENDOR_BLUENET  conftest.c >&5
configure:7572: $? = 0
configure:7572: result: yes
configure:7572: checking for string.h
configure:7572: mipsel-uclibc-linux26-gcc -c -I/home/yangshaokun/work/ow/study_wifi/0.2.6/src/include -I/home/yangshaokun/work/ow/study_wifi/0.2.6/src/router/shared -Os -DBCMWPA2 -DBCMQOS -D__CONFIG_WPS__ -D__CONFIG_EMF__ -D__CONFIG_IGMP_PROXY__ -DPHYMON -DLW_CUST -DVENDOR_BLUENET -Os -DBCMWPA2 -DBCMQOS -D__CONFIG_WPS__ -D__CONFIG_EMF__ -D__CONFIG_IGMP_PROXY__ -DPHYMON -DLW_CUST -DVENDOR_BLUENET  conftest.c >&5
configure:7572: $? = 0
configure:7572: result: yes
configure:7572: checking for memory.h
configure:7572: mipsel-uclibc-linux26-gcc -c -I/home/yangshaokun/work/ow/study_wifi/0.2.6/src/include -I/home/yangshaokun/work/ow/study_wifi/0.2.6/src/router/shared -Os -DBCMWPA2 -DBCMQOS -D__CONFIG_WPS__ -D__CONFIG_EMF__ -D__CONFIG_IGMP_PROXY__ -DPHYMON -DLW_CUST -DVENDOR_BLUENET -Os -DBCMWPA2 -DBCMQOS -D__CONFIG_WPS__ -D__CONFIG_EMF__ -D__CONFIG_IGMP_PROXY__ -DPHYMON -DLW_CUST -DVENDOR_BLUENET  conftest.c >&5
configure:7572: $? = 0
configure:7572: result: yes
configure:7572: checking for strings.h
configure:7572: mipsel-uclibc-linux26-gcc -c -I/home/yangshaokun/work/ow/study_wifi/0.2.6/src/include -I/home/yangshaokun/work/ow/study_wifi/0.2.6/src/router/shared -Os -DBCMWPA2 -DBCMQOS -D__CONFIG_WPS__ -D__CONFIG_EMF__ -D__CONFIG_IGMP_PROXY__ -DPHYMON -DLW_CUST -DVENDOR_BLUENET -Os -DBCMWPA2 -DBCMQOS -D__CONFIG_WPS__ -D__CONFIG_EMF__ -D__CONFIG_IGMP_PROXY__ -DPHYMON -DLW_CUST -DVENDOR_BLUENET  conftest.c >&5
configure:7572: $? = 0
configure:7572: result: yes
configure:7572: checking for inttypes.h
configure:7572: mipsel-uclibc-linux26-gcc -c -I/home/yangshaokun/work/ow/study_wifi/0.2.6/src/include -I/home/yangshaokun/work/ow/study_wifi/0.2.6/src/router/shared -Os -DBCMWPA2 -DBCMQOS -D__CONFIG_WPS__ -D__CONFIG_EMF__ -D__CONFIG_IGMP_PROXY__ -DPHYMON -DLW_CUST -DVENDOR_BLUENET -Os -DBCMWPA2 -DBCMQOS -D__CONFIG_WPS__ -D__CONFIG_EMF__ -D__CONFIG_IGMP_PROXY__ -DPHYMON -DLW_CUST -DVENDOR_BLUENET  conftest.c >&5
configure:7572: $? = 0
configure:7572: result: yes
configure:7572: checking for stdint.h
configure:7572: mipsel-uclibc-linux26-gcc -c -I/home/yangshaokun/work/ow/study_wifi/0.2.6/src/include -I/home/yangshaokun/work/ow/study_wifi/0.2.6/src/router/shared -Os -DBCMWPA2 -DBCMQOS -D__CONFIG_WPS__ -D__CONFIG_EMF__ -D__CONFIG_IGMP_PROXY__ -DPHYMON -DLW_CUST -DVENDOR_BLUENET -Os -DBCMWPA2 -DBCMQOS -D__CONFIG_WPS__ -D__CONFIG_EMF__ -D__CONFIG_IGMP_PROXY__ -DPHYMON -DLW_CUST -DVENDOR_BLUENET  conftest.c >&5
configure:7572: $? = 0
configure:7572: result: yes
configure:7572: checking for unistd.h
configure:7572: mipsel-uclibc-linux26-gcc -c -I/home/yangshaokun/work/ow/study_wifi/0.2.6/src/include -I/home/yangshaokun/work/ow/study_wifi/0.2.6/src/router/shared -Os -DBCMWPA2 -DBCMQOS -D__CONFIG_WPS__ -D__CONFIG_EMF__ -D__CONFIG_IGMP_PROXY__ -DPHYMON -DLW_CUST -DVENDOR_BLUENET -Os -DBCMWPA2 -DBCMQOS -D__CONFIG_WPS__ -D__CONFIG_EMF__ -D__CONFIG_IGMP_PROXY__ -DPHYMON -DLW_CUST -DVENDOR_BLUENET  conftest.c >&5
configure:7572: $? = 0
configure:7572: result: yes
configure:7585: checking minix/config.h usability
configure:7585: mipsel-uclibc-linux26-gcc -c -I/home/yangshaokun/work/ow/study_wifi/0.2.6/src/include -I/home/yangshaokun/work/ow/study_wifi/0.2.6/src/router/shared -Os -DBCMWPA2 -DBCMQOS -D__CONFIG_WPS__ -D__CONFIG_EMF__ -D__CONFIG_IGMP_PROXY__ -DPHYMON -DLW_CUST -DVENDOR_BLUENET -Os -DBCMWPA2 -DBCMQOS -D__CONFIG_WPS__ -D__CONFIG_EMF__ -D__CONFIG_IGMP_PROXY__ -DPHYMON -DLW_CUST -DVENDOR_BLUENET  conftest.c >&5
conftest.c:71:26: error: minix/config.h: No such file or directory
configure:7585: $? = 1
configure: failed program was:
| /* confdefs.h */
| #define PACKAGE_NAME "Net-SNMP"
| #define PACKAGE_TARNAME "net-snmp"
| #define PACKAGE_VERSION "5.7.2"
| #define PACKAGE_STRING "Net-SNMP 5.7.2"
| #define PACKAGE_BUGREPORT "net-snmp-coders@lists.sourceforge.net"
| #define PACKAGE_URL ""
| #define NETSNMP_CONFIGURE_OPTIONS " '--prefix=/usr/bin' '--disable-debugging' '--enable-static' '--disable-shared' '--exec-prefix=/usr/bin' '--bindir=/usr/bin' '--sbindir=/usr/bin' '--datarootdir=/etc' 'libdir=/usr/lib' '--with-install-prefix=/home/yangshaokun/work/ow/study_wifi/0.2.6/src/router/mipsel-uclibc/target' '--without-openssl' '--disable-embedded-perl' '--disable-perl-cc-checks' '--host=mipsel-uclibc-linux26' '--build=-linux' '--target=mipsel-uclibc-linux26' '--without-perl-modules' '--enable-mini-agent' '--enable-minimalist' '--disable-deprecated' '--with-features=CHECK_VB_TYPE_AND_MAX_SIZE' '--disable-ipv6' '--without-kmem-usage' '--disable-mib-loading' '--enable-des' '--enable-md5' '--disable-manuals' '--disable-scripts' '--with-cflags=-I/home/yangshaokun/work/ow/study_wifi/0.2.6/src/include -I/home/yangshaokun/work/ow/study_wifi/0.2.6/src/router/shared -Os -DBCMWPA2 -DBCMQOS -D__CONFIG_WPS__ -D__CONFIG_EMF__ -D__CONFIG_IGMP_PROXY__ -DPHYMON -DLW_CUST -DVENDOR_BLUENET -Os -DBCMWPA2 -DBCMQOS -D__CONFIG_WPS__ -D__CONFIG_EMF__ -D__CONFIG_IGMP_PROXY__ -DPHYMON -DLW_CUST -DVENDOR_BLUENET' '--with-ldflags=-L/home/yangshaokun/work/ow/study_wifi/0.2.6/src/router/mipsel-uclibc/target/lib -L/home/yangshaokun/work/ow/study_wifi/0.2.6/src/router/mipsel-uclibc/target/usr/lib -L/home/yangshaokun/work/ow/study_wifi/0.2.6/src/router/nvram -L/home/yangshaokun/work/ow/study_wifi/0.2.6/src/router/shared' '--with-libs=-lnvram -lshared' '--with-default-snmp-version=2c' '--with-mib-modules=gxgdWiFiModule' '--with-sys-contact=admin@bluenet.com' '--with-sys-location=shanghai' '--with-logfile=/tmp/snmpd.log' '--with-persistent-directory=/var/net-snmp' 'build_alias=-linux' 'host_alias=mipsel-uclibc-linux26' 'target_alias=mipsel-uclibc-linux26' 'CC=mipsel-uclibc-linux26-gcc' 'CFLAGS=-Os -DBCMWPA2 -DBCMQOS -D__CONFIG_WPS__ -D__CONFIG_EMF__ -D__CONFIG_IGMP_PROXY__ -DPHYMON -DLW_CUST -DVENDOR_BLUENET -Os -DBCMWPA2 -DBCMQOS -D__CONFIG_WPS__ -D__CONFIG_EMF__ -D__CONFIG_IGMP_PROXY__ -DPHYMON -DLW_CUST -DVENDOR_BLUENET'"
| #define NETSNMP_DISABLE_MIB_LOADING 1
| #define NETSNMP_ENABLE_SCAPI_AUTHPRIV 1
| #define NETSNMP_WITH_OPAQUE_SPECIAL_TYPES 1
| #define NETSNMP_PERSISTENT_MASK 077
| #define NETSNMP_TEMP_FILE_PATTERN "/tmp/snmpdXXXXXX"
| #define NETSNMP_ALWAYS_DEBUG 1
| #define NETSNMP_NO_DEBUGGING 1
| #define NETSNMP_NO_DEPRECATED_FUNCTIONS 1
| #define NETSNMP_NO_KMEM_USAGE 1
| #define NETSNMP_NO_DUMMY_VALUES 1
| #define NETSNMP_AGENTX_SOCKET "/var/agentx/master"
| #define NETSNMP_MINIMAL_CODE 1
| #define NETSNMP_DEFAULT_SNMP_VERSION 2
| #define NETSNMP_SYS_CONTACT "admin@bluenet.com"
| #define NETSNMP_SYS_LOC "shanghai"
| #define NETSNMP_LOGFILE "/tmp/snmpd.log"
| #define NETSNMP_PERSISTENT_DIRECTORY "/var/net-snmp"
| #define UNAMEPROG "/bin/uname"
| #define STDC_HEADERS 1
| #define HAVE_SYS_TYPES_H 1
| #define HAVE_SYS_STAT_H 1
| #define HAVE_STDLIB_H 1
| #define HAVE_STRING_H 1
| #define HAVE_MEMORY_H 1
| #define HAVE_STRINGS_H 1
| #define HAVE_INTTYPES_H 1
| #define HAVE_STDINT_H 1
| #define HAVE_UNISTD_H 1
| /* end confdefs.h.  */
| #include <stdio.h>
| #ifdef HAVE_SYS_TYPES_H
| # include <sys/types.h>
| #endif
| #ifdef HAVE_SYS_STAT_H
| # include <sys/stat.h>
| #endif
| #ifdef STDC_HEADERS
| # include <stdlib.h>
| # include <stddef.h>
| #else
| # ifdef HAVE_STDLIB_H
| #  include <stdlib.h>
| # endif
| #endif
| #ifdef HAVE_STRING_H
| # if !defined STDC_HEADERS && defined HAVE_MEMORY_H
| #  include <memory.h>
| # endif
| # include <string.h>
| #endif
| #ifdef HAVE_STRINGS_H
| # include <strings.h>
| #endif
| #ifdef HAVE_INTTYPES_H
| # include <inttypes.h>
| #endif
| #ifdef HAVE_STDINT_H
| # include <stdint.h>
| #endif
| #ifdef HAVE_UNISTD_H
| # include <unistd.h>
| #endif
| #include <minix/config.h>
configure:7585: result: no
configure:7585: checking minix/config.h presence
configure:7585: mipsel-uclibc-linux26-gcc -E  conftest.c
conftest.c:38:26: error: minix/config.h: No such file or directory
configure:7585: $? = 1
configure: failed program was:
| /* confdefs.h */
| #define PACKAGE_NAME "Net-SNMP"
| #define PACKAGE_TARNAME "net-snmp"
| #define PACKAGE_VERSION "5.7.2"
| #define PACKAGE_STRING "Net-SNMP 5.7.2"
| #define PACKAGE_BUGREPORT "net-snmp-coders@lists.sourceforge.net"
| #define PACKAGE_URL ""
| #define NETSNMP_CONFIGURE_OPTIONS " '--prefix=/usr/bin' '--disable-debugging' '--enable-static' '--disable-shared' '--exec-prefix=/usr/bin' '--bindir=/usr/bin' '--sbindir=/usr/bin' '--datarootdir=/etc' 'libdir=/usr/lib' '--with-install-prefix=/home/yangshaokun/work/ow/study_wifi/0.2.6/src/router/mipsel-uclibc/target' '--without-openssl' '--disable-embedded-perl' '--disable-perl-cc-checks' '--host=mipsel-uclibc-linux26' '--build=-linux' '--target=mipsel-uclibc-linux26' '--without-perl-modules' '--enable-mini-agent' '--enable-minimalist' '--disable-deprecated' '--with-features=CHECK_VB_TYPE_AND_MAX_SIZE' '--disable-ipv6' '--without-kmem-usage' '--disable-mib-loading' '--enable-des' '--enable-md5' '--disable-manuals' '--disable-scripts' '--with-cflags=-I/home/yangshaokun/work/ow/study_wifi/0.2.6/src/include -I/home/yangshaokun/work/ow/study_wifi/0.2.6/src/router/shared -Os -DBCMWPA2 -DBCMQOS -D__CONFIG_WPS__ -D__CONFIG_EMF__ -D__CONFIG_IGMP_PROXY__ -DPHYMON -DLW_CUST -DVENDOR_BLUENET -Os -DBCMWPA2 -DBCMQOS -D__CONFIG_WPS__ -D__CONFIG_EMF__ -D__CONFIG_IGMP_PROXY__ -DPHYMON -DLW_CUST -DVENDOR_BLUENET' '--with-ldflags=-L/home/yangshaokun/work/ow/study_wifi/0.2.6/src/router/mipsel-uclibc/target/lib -L/home/yangshaokun/work/ow/study_wifi/0.2.6/src/router/mipsel-uclibc/target/usr/lib -L/home/yangshaokun/work/ow/study_wifi/0.2.6/src/router/nvram -L/home/yangshaokun/work/ow/study_wifi/0.2.6/src/router/shared' '--with-libs=-lnvram -lshared' '--with-default-snmp-version=2c' '--with-mib-modules=gxgdWiFiModule' '--with-sys-contact=admin@bluenet.com' '--with-sys-location=shanghai' '--with-logfile=/tmp/snmpd.log' '--with-persistent-directory=/var/net-snmp' 'build_alias=-linux' 'host_alias=mipsel-uclibc-linux26' 'target_alias=mipsel-uclibc-linux26' 'CC=mipsel-uclibc-linux26-gcc' 'CFLAGS=-Os -DBCMWPA2 -DBCMQOS -D__CONFIG_WPS__ -D__CONFIG_EMF__ -D__CONFIG_IGMP_PROXY__ -DPHYMON -DLW_CUST -DVENDOR_BLUENET -Os -DBCMWPA2 -DBCMQOS -D__CONFIG_WPS__ -D__CONFIG_EMF__ -D__CONFIG_IGMP_PROXY__ -DPHYMON -DLW_CUST -DVENDOR_BLUENET'"
| #define NETSNMP_DISABLE_MIB_LOADING 1
| #define NETSNMP_ENABLE_SCAPI_AUTHPRIV 1
| #define NETSNMP_WITH_OPAQUE_SPECIAL_TYPES 1
| #define NETSNMP_PERSISTENT_MASK 077
| #define NETSNMP_TEMP_FILE_PATTERN "/tmp/snmpdXXXXXX"
| #define NETSNMP_ALWAYS_DEBUG 1
| #define NETSNMP_NO_DEBUGGING 1
| #define NETSNMP_NO_DEPRECATED_FUNCTIONS 1
| #define NETSNMP_NO_KMEM_USAGE 1
| #define NETSNMP_NO_DUMMY_VALUES 1
| #define NETSNMP_AGENTX_SOCKET "/var/agentx/master"
| #define NETSNMP_MINIMAL_CODE 1
| #define NETSNMP_DEFAULT_SNMP_VERSION 2
| #define NETSNMP_SYS_CONTACT "admin@bluenet.com"
| #define NETSNMP_SYS_LOC "shanghai"
| #define NETSNMP_LOGFILE "/tmp/snmpd.log"
| #define NETSNMP_PERSISTENT_DIRECTORY "/var/net-snmp"
| #define UNAMEPROG "/bin/uname"
| #define STDC_HEADERS 1
| #define HAVE_SYS_TYPES_H 1
| #define HAVE_SYS_STAT_H 1
| #define HAVE_STDLIB_H 1
| #define HAVE_STRING_H 1
| #define HAVE_MEMORY_H 1
| #define HAVE_STRINGS_H 1
| #define HAVE_INTTYPES_H 1
| #define HAVE_STDINT_H 1
| #define HAVE_UNISTD_H 1
| /* end confdefs.h.  */
| #include <minix/config.h>
configure:7585: result: no
configure:7585: checking for minix/config.h
configure:7585: result: no
configure:7606: checking whether it is safe to define __EXTENSIONS__
configure:7624: mipsel-uclibc-linux26-gcc -c -I/home/yangshaokun/work/ow/study_wifi/0.2.6/src/include -I/home/yangshaokun/work/ow/study_wifi/0.2.6/src/router/shared -Os -DBCMWPA2 -DBCMQOS -D__CONFIG_WPS__ -D__CONFIG_EMF__ -D__CONFIG_IGMP_PROXY__ -DPHYMON -DLW_CUST -DVENDOR_BLUENET -Os -DBCMWPA2 -DBCMQOS -D__CONFIG_WPS__ -D__CONFIG_EMF__ -D__CONFIG_IGMP_PROXY__ -DPHYMON -DLW_CUST -DVENDOR_BLUENET  conftest.c >&5
configure:7624: $? = 0
configure:7631: result: yes
configure:7646: checking for an ANSI C-conforming const
configure:7711: mipsel-uclibc-linux26-gcc -c -I/home/yangshaokun/work/ow/study_wifi/0.2.6/src/include -I/home/yangshaokun/work/ow/study_wifi/0.2.6/src/router/shared -Os -DBCMWPA2 -DBCMQOS -D__CONFIG_WPS__ -D__CONFIG_EMF__ -D__CONFIG_IGMP_PROXY__ -DPHYMON -DLW_CUST -DVENDOR_BLUENET -Os -DBCMWPA2 -DBCMQOS -D__CONFIG_WPS__ -D__CONFIG_EMF__ -D__CONFIG_IGMP_PROXY__ -DPHYMON -DLW_CUST -DVENDOR_BLUENET  conftest.c >&5
configure:7711: $? = 0
configure:7718: result: yes
configure:7726: checking for inline
configure:7742: mipsel-uclibc-linux26-gcc -c -I/home/yangshaokun/work/ow/study_wifi/0.2.6/src/include -I/home/yangshaokun/work/ow/study_wifi/0.2.6/src/router/shared -Os -DBCMWPA2 -DBCMQOS -D__CONFIG_WPS__ -D__CONFIG_EMF__ -D__CONFIG_IGMP_PROXY__ -DPHYMON -DLW_CUST -DVENDOR_BLUENET -Os -DBCMWPA2 -DBCMQOS -D__CONFIG_WPS__ -D__CONFIG_EMF__ -D__CONFIG_IGMP_PROXY__ -DPHYMON -DLW_CUST -DVENDOR_BLUENET  conftest.c >&5
configure:7742: $? = 0
configure:7750: result: inline
configure:7801: checking build system type
configure:7812: error: /bin/sh ./config.sub -linux failed

## ---------------- ##
## Cache variables. ##
## ---------------- ##

configure:7812: WARNING: cache variable ac_cv_build contains a newline
ac_cv_c_compiler_gnu=yes
ac_cv_c_const=yes
ac_cv_c_inline=inline
ac_cv_env_CC_set=set
ac_cv_env_CC_value=mipsel-uclibc-linux26-gcc
ac_cv_env_CFLAGS_set=set
ac_cv_env_CFLAGS_value='-Os -DBCMWPA2 -DBCMQOS -D__CONFIG_WPS__ -D__CONFIG_EMF__ -D__CONFIG_IGMP_PROXY__ -DPHYMON -DLW_CUST -DVENDOR_BLUENET -Os -DBCMWPA2 -DBCMQOS -D__CONFIG_WPS__ -D__CONFIG_EMF__ -D__CONFIG_IGMP_PROXY__ -DPHYMON -DLW_CUST -DVENDOR_BLUENET'
ac_cv_env_CPPFLAGS_set=
ac_cv_env_CPPFLAGS_value=
ac_cv_env_CPP_set=
ac_cv_env_CPP_value=
ac_cv_env_LDFLAGS_set=
ac_cv_env_LDFLAGS_value=
ac_cv_env_LIBS_set=
ac_cv_env_LIBS_value=
ac_cv_env_build_alias_set=set
ac_cv_env_build_alias_value=-linux
ac_cv_env_host_alias_set=set
ac_cv_env_host_alias_value=mipsel-uclibc-linux26
ac_cv_env_target_alias_set=set
ac_cv_env_target_alias_value=mipsel-uclibc-linux26
ac_cv_have_warned=yes
ac_cv_header_inttypes_h=yes
ac_cv_header_memory_h=yes
ac_cv_header_minix_config_h=no
ac_cv_header_stdc=yes
ac_cv_header_stdint_h=yes
ac_cv_header_stdlib_h=yes
ac_cv_header_string_h=yes
ac_cv_header_strings_h=yes
ac_cv_header_sys_stat_h=yes
ac_cv_header_sys_types_h=yes
ac_cv_header_unistd_h=yes
ac_cv_objext=o
ac_cv_path_AUTOCONF=/usr/bin/autoconf
ac_cv_path_AUTOHEADER=/usr/bin/autoheader
ac_cv_path_EGREP='/bin/grep -E'
ac_cv_path_GREP=/bin/grep
ac_cv_path_PERLPROG=/usr/bin/perl
ac_cv_path_PSPROG=/bin/ps
ac_cv_path_PYTHONPROG=/usr/bin/python
ac_cv_path_SED=/bin/sed
ac_cv_path_UNAMEPROG=/bin/uname
ac_cv_path_install='/usr/bin/install -c'
ac_cv_prog_CC=mipsel-uclibc-linux26-gcc
ac_cv_prog_CPP='mipsel-uclibc-linux26-gcc -E'
ac_cv_prog_FILE=file
ac_cv_prog_FIND=find
ac_cv_prog_WHOAMI=whoami
ac_cv_prog_cc_c89=
ac_cv_prog_cc_g=yes
ac_cv_prog_make_make_set=yes
ac_cv_safe_to_define___extensions__=yes
ac_cv_user_prompt_COPY_PERSISTENT_FILES=no
ac_cv_user_prompt_NETSNMP_DEFAULT_SNMP_VERSION=2
ac_cv_user_prompt_NETSNMP_LOGFILE=/tmp/snmpd.log
ac_cv_user_prompt_NETSNMP_PERSISTENT_DIRECTORY=/var/net-snmp
ac_cv_user_prompt_NETSNMP_SYS_CONTACT=admin@bluenet.com
ac_cv_user_prompt_NETSNMP_SYS_LOC=shanghai

## ----------------- ##
## Output variables. ##
## ----------------- ##

AGENTLIBS=''
AGENT_INCLUDES=''
ALLOCA=''
AR='mipsel-uclibc-linux26-ar'
AS='mipsel-uclibc-linux26-as'
AUTOCONF=':'
AUTOHEADER=':'
AWK=''
CC='mipsel-uclibc-linux26-gcc'
CCPATH=''
CFLAGS='-I/home/yangshaokun/work/ow/study_wifi/0.2.6/src/include -I/home/yangshaokun/work/ow/study_wifi/0.2.6/src/router/shared -Os -DBCMWPA2 -DBCMQOS -D__CONFIG_WPS__ -D__CONFIG_EMF__ -D__CONFIG_IGMP_PROXY__ -DPHYMON -DLW_CUST -DVENDOR_BLUENET -Os -DBCMWPA2 -DBCMQOS -D__CONFIG_WPS__ -D__CONFIG_EMF__ -D__CONFIG_IGMP_PROXY__ -DPHYMON -DLW_CUST -DVENDOR_BLUENET'
CONFIGURE_OPTIONS='" '\''--prefix=/usr/bin'\'' '\''--disable-debugging'\'' '\''--enable-static'\'' '\''--disable-shared'\'' '\''--exec-prefix=/usr/bin'\'' '\''--bindir=/usr/bin'\'' '\''--sbindir=/usr/bin'\'' '\''--datarootdir=/etc'\'' '\''libdir=/usr/lib'\'' '\''--with-install-prefix=/home/yangshaokun/work/ow/study_wifi/0.2.6/src/router/mipsel-uclibc/target'\'' '\''--without-openssl'\'' '\''--disable-embedded-perl'\'' '\''--disable-perl-cc-checks'\'' '\''--host=mipsel-uclibc-linux26'\'' '\''--build=-linux'\'' '\''--target=mipsel-uclibc-linux26'\'' '\''--without-perl-modules'\'' '\''--enable-mini-agent'\'' '\''--enable-minimalist'\'' '\''--disable-deprecated'\'' '\''--with-features=CHECK_VB_TYPE_AND_MAX_SIZE'\'' '\''--disable-ipv6'\'' '\''--without-kmem-usage'\'' '\''--disable-mib-loading'\'' '\''--enable-des'\'' '\''--enable-md5'\'' '\''--disable-manuals'\'' '\''--disable-scripts'\'' '\''--with-cflags=-I/home/yangshaokun/work/ow/study_wifi/0.2.6/src/include -I/home/yangshaokun/work/ow/study_wifi/0.2.6/src/router/shared -Os -DBCMWPA2 -DBCMQOS -D__CONFIG_WPS__ -D__CONFIG_EMF__ -D__CONFIG_IGMP_PROXY__ -DPHYMON -DLW_CUST -DVENDOR_BLUENET -Os -DBCMWPA2 -DBCMQOS -D__CONFIG_WPS__ -D__CONFIG_EMF__ -D__CONFIG_IGMP_PROXY__ -DPHYMON -DLW_CUST -DVENDOR_BLUENET'\'' '\''--with-ldflags=-L/home/yangshaokun/work/ow/study_wifi/0.2.6/src/router/mipsel-uclibc/target/lib -L/home/yangshaokun/work/ow/study_wifi/0.2.6/src/router/mipsel-uclibc/target/usr/lib -L/home/yangshaokun/work/ow/study_wifi/0.2.6/src/router/nvram -L/home/yangshaokun/work/ow/study_wifi/0.2.6/src/router/shared'\'' '\''--with-libs=-lnvram -lshared'\'' '\''--with-default-snmp-version=2c'\'' '\''--with-mib-modules=gxgdWiFiModule'\'' '\''--with-sys-contact=admin@bluenet.com'\'' '\''--with-sys-location=shanghai'\'' '\''--with-logfile=/tmp/snmpd.log'\'' '\''--with-persistent-directory=/var/net-snmp'\'' '\''build_alias=-linux'\'' '\''host_alias=mipsel-uclibc-linux26'\'' '\''target_alias=mipsel-uclibc-linux26'\'' '\''CC=mipsel-uclibc-linux26-gcc'\'' '\''CFLAGS=-Os -DBCMWPA2 -DBCMQOS -D__CONFIG_WPS__ -D__CONFIG_EMF__ -D__CONFIG_IGMP_PROXY__ -DPHYMON -DLW_CUST -DVENDOR_BLUENET -Os -DBCMWPA2 -DBCMQOS -D__CONFIG_WPS__ -D__CONFIG_EMF__ -D__CONFIG_IGMP_PROXY__ -DPHYMON -DLW_CUST -DVENDOR_BLUENET'\''"'
COPY_PERSISTENT_FILES='no'
CPP='mipsel-uclibc-linux26-gcc -E'
CPPFLAGS=''
DEFS=''
DEVFLAGS=''
DLLIBS=''
DLLTOOL=''
DPKG_QUERY_PATH=''
DSYMUTIL=''
DUMPBIN=''
ECHO_C=''
ECHO_N='-n'
ECHO_T=''
EGREP='/bin/grep -E'
EMBEDPERLINSTALL=''
EMBEDPERLUNINSTALL=''
ENV_SEPARATOR=''
EXEEXT=''
EXTRACPPFLAGS=''
FEATUREHEADERS='library/features.h agent/features-mibgroups.h agent/features.h features-snmpnetstat.h features-apps.h'
FEATURETARGS='features'
FEATURE_ADD_FLAGS='--add CHECK_VB_TYPE_AND_MAX_SIZE'
FEATURE_REMOVE_FLAGS=''
FGREP=''
FILE='file'
FIND='find'
FTMAINSUBS='apps agent '
GNU_vpath=''
GREP='/bin/grep'
HELPER_INCLUDES=''
INSTALL_DATA='${INSTALL} -m 644'
INSTALL_PREFIX='/home/yangshaokun/work/ow/study_wifi/0.2.6/src/router/mipsel-uclibc/target'
INSTALL_PROGRAM='${INSTALL}'
INSTALL_SCRIPT='${INSTALL}'
LAGENTLIBS=''
LD='mipsel-uclibc-linux26-ld'
LDFLAGS='-L/home/yangshaokun/work/ow/study_wifi/0.2.6/src/router/mipsel-uclibc/target/lib -L/home/yangshaokun/work/ow/study_wifi/0.2.6/src/router/mipsel-uclibc/target/usr/lib -L/home/yangshaokun/work/ow/study_wifi/0.2.6/src/router/nvram -L/home/yangshaokun/work/ow/study_wifi/0.2.6/src/router/shared'
LD_NO_UNDEFINED=''
LIBOBJS=''
LIBS='-lnvram -lshared'
LIBTOOL=''
LIBTOOLFLAGS=''
LIBTOOL_DEPS=''
LINKCC='mipsel-uclibc-linux26-gcc'
LIPO=''
LMIBLIBS=''
LNETSNMPLIBS=''
LN_S='ln -s'
LPSTAT_PATH=''
LTLIBOBJS=''
MAINSUBS=' agent apps mibs'
MANIFEST_TOOL=''
MIBGROUP_INCLUDES=''
MYSQLCONFIG=''
MYSQL_INCLUDES=''
MYSQL_LIBS=''
NETSNMP_BUILD_SET_PROG_FALSE=''
NETSNMP_BUILD_SET_PROG_TRUE=''
NETSNMP_BUILD_SSH_PROG_FALSE=''
NETSNMP_BUILD_SSH_PROG_TRUE=''
NETSNMP_BUILD_TLS_PROG_FALSE=''
NETSNMP_BUILD_TLS_PROG_TRUE=''
NETSNMP_BUILD_USM_PROG_FALSE=''
NETSNMP_BUILD_USM_PROG_TRUE=''
NETSNMP_DEFAULT_MIBDIRS=''
NETSNMP_DEFAULT_MIBS=''
NETSNMP_HAVE_AGENTX_LIBS_FALSE=''
NETSNMP_HAVE_AGENTX_LIBS_TRUE=''
NM='mipsel-uclibc-linux26-nm'
NMEDIT=''
NON_GNU_VPATH=''
OBJDUMP=''
OBJEXT='o'
OTHERAGENTLIBLFTS=''
OTHERAGENTLIBLOBJS=''
OTHERAGENTLIBOBJS=''
OTOOL64=''
OTOOL=''
PACKAGE_BUGREPORT='net-snmp-coders@lists.sourceforge.net'
PACKAGE_NAME='Net-SNMP'
PACKAGE_STRING='Net-SNMP 5.7.2'
PACKAGE_TARNAME='net-snmp'
PACKAGE_URL=''
PACKAGE_VERSION='5.7.2'
PARTIALTARGETFLAGS=''
PATH_SEPARATOR=':'
PERLARGS=''
PERLFEATURES=''
PERLINSTALLTARGS=''
PERLLDOPTS_FOR_APPS=''
PERLLDOPTS_FOR_LIBS=''
PERLPROG='/usr/bin/perl'
PERLTARGS=''
PERLUNINSTALLTARGS=''
PERL_SYSTEM_INVOKES_POSIX_SHELL='yes'
PERSISTENT_DIRECTORY='/var/net-snmp'
PSCMD=''
PSPROG='/bin/ps'
PYTHONARGS=''
PYTHONCLEANTARGS=''
PYTHONFEATURES=''
PYTHONINSTALLTARGS=''
PYTHONPROG='/usr/bin/python'
PYTHONTARGS=''
PYTHONUNINSTALLTARGS=''
RANLIB='mipsel-uclibc-linux26-ranlib'
SED='/bin/sed'
SET_MAKE=''
SHELL='/bin/sh'
SNMPCONFPATH=''
SNMPD='snmpd$(EXEEXT)'
SNMPLIBPATH=''
SNMPLIB_INCLUDES=''
SNMPSHAREPATH=''
STRIP='mipsel-uclibc-linux26-strip'
TOP_INCLUDES=''
TRAPLIBS='$(TRAPDWITHAGENT)'
UCDPERSISTENT_DIRECTORY='/var/ucd-snmp'
UNAMEPROG='/bin/uname'
USETRAPLIBS='$(USEAGENTLIBS)'
VAL_LIBS=''
VERSION=''
WHOAMI='whoami'
ac_ct_AR=''
ac_ct_CC=''
ac_ct_DUMPBIN=''
ac_cv_NETSNMP_SYSTEM_INCLUDE_FILE=''
bindir='/usr/bin'
build='-linux'
build_alias='-linux'
build_cpu=''
build_os=''
build_vendor=''
crypto_files_c=''
crypto_files_lo=''
crypto_files_o=''
datadir='${datarootdir}'
datarootdir='/etc'
default_mibs_install=''
dllcleans=''
docdir='${datarootdir}/doc/${PACKAGE_TARNAME}'
dvidir='${docdir}'
exec_prefix='/usr/bin'
host='mipsel-uclibc-linux26'
host_alias='mipsel-uclibc-linux26'
host_cpu=''
host_os=''
host_vendor=''
htmldir='${docdir}'
includedir='${prefix}/include'
infodir='${datarootdir}/info'
installucdheaders=''
installucdlibs=''
krb5_config=''
libdir='/usr/lib'
libexecdir='${exec_prefix}/libexec'
localedir='${datarootdir}/locale'
localstatedir='${prefix}/var'
mandir='${datarootdir}/man'
oldincludedir='/usr/include'
other_agentobjs=''
other_ftagentobjs=''
other_ftobjs_list=''
other_lagentobjs=''
other_lobjs_list=''
other_objs_list=''
other_src_list=''
other_trapd_objects=''
pdfdir='${docdir}'
prefix='/usr/bin'
program_transform_name='s,x,x,'
psdir='${docdir}'
sbindir='/usr/bin'
security_ftobj_list=''
security_hdr_list=''
security_lobj_list=''
security_obj_list=''
security_src_list=''
sharedstatedir='${prefix}/com'
sysconfdir='${prefix}/etc'
target='mipsel-uclibc-linux26'
target_alias='mipsel-uclibc-linux26'
target_cpu=''
target_os=''
target_vendor=''
transport_ftobj_list=''
transport_hdr_list=''
transport_lobj_list=''
transport_obj_list=''
transport_src_list=''

## ------------------- ##
## File substitutions. ##
## ------------------- ##

MODULE_LIST=''
agent_module_list_c=''
agent_module_list_deps=''
agent_module_list_ft=''
agent_module_list_lo=''
agent_module_list_o=''
agentgroup_list_ft=''
agentgroup_list_lo=''
agentgroup_list_o=''
mib_module_list_c=''
mib_module_list_deps=''
mib_module_list_ft=''
mib_module_list_lo=''
mib_module_list_o=''
mibgroup_list_ft=''
mibgroup_list_lo=''
mibgroup_list_o=''
module_list_c=''
module_list_deps=''
module_list_ft=''
module_list_lo=''
module_list_o=''
module_rules=''

## ----------- ##
## confdefs.h. ##
## ----------- ##

/* confdefs.h */
#define PACKAGE_NAME "Net-SNMP"
#define PACKAGE_TARNAME "net-snmp"
#define PACKAGE_VERSION "5.7.2"
#define PACKAGE_STRING "Net-SNMP 5.7.2"
#define PACKAGE_BUGREPORT "net-snmp-coders@lists.sourceforge.net"
#define PACKAGE_URL ""
#define NETSNMP_CONFIGURE_OPTIONS " '--prefix=/usr/bin' '--disable-debugging' '--enable-static' '--disable-shared' '--exec-prefix=/usr/bin' '--bindir=/usr/bin' '--sbindir=/usr/bin' '--datarootdir=/etc' 'libdir=/usr/lib' '--with-install-prefix=/home/yangshaokun/work/ow/study_wifi/0.2.6/src/router/mipsel-uclibc/target' '--without-openssl' '--disable-embedded-perl' '--disable-perl-cc-checks' '--host=mipsel-uclibc-linux26' '--build=-linux' '--target=mipsel-uclibc-linux26' '--without-perl-modules' '--enable-mini-agent' '--enable-minimalist' '--disable-deprecated' '--with-features=CHECK_VB_TYPE_AND_MAX_SIZE' '--disable-ipv6' '--without-kmem-usage' '--disable-mib-loading' '--enable-des' '--enable-md5' '--disable-manuals' '--disable-scripts' '--with-cflags=-I/home/yangshaokun/work/ow/study_wifi/0.2.6/src/include -I/home/yangshaokun/work/ow/study_wifi/0.2.6/src/router/shared -Os -DBCMWPA2 -DBCMQOS -D__CONFIG_WPS__ -D__CONFIG_EMF__ -D__CONFIG_IGMP_PROXY__ -DPHYMON -DLW_CUST -DVENDOR_BLUENET -Os -DBCMWPA2 -DBCMQOS -D__CONFIG_WPS__ -D__CONFIG_EMF__ -D__CONFIG_IGMP_PROXY__ -DPHYMON -DLW_CUST -DVENDOR_BLUENET' '--with-ldflags=-L/home/yangshaokun/work/ow/study_wifi/0.2.6/src/router/mipsel-uclibc/target/lib -L/home/yangshaokun/work/ow/study_wifi/0.2.6/src/router/mipsel-uclibc/target/usr/lib -L/home/yangshaokun/work/ow/study_wifi/0.2.6/src/router/nvram -L/home/yangshaokun/work/ow/study_wifi/0.2.6/src/router/shared' '--with-libs=-lnvram -lshared' '--with-default-snmp-version=2c' '--with-mib-modules=gxgdWiFiModule' '--with-sys-contact=admin@bluenet.com' '--with-sys-location=shanghai' '--with-logfile=/tmp/snmpd.log' '--with-persistent-directory=/var/net-snmp' 'build_alias=-linux' 'host_alias=mipsel-uclibc-linux26' 'target_alias=mipsel-uclibc-linux26' 'CC=mipsel-uclibc-linux26-gcc' 'CFLAGS=-Os -DBCMWPA2 -DBCMQOS -D__CONFIG_WPS__ -D__CONFIG_EMF__ -D__CONFIG_IGMP_PROXY__ -DPHYMON -DLW_CUST -DVENDOR_BLUENET -Os -DBCMWPA2 -DBCMQOS -D__CONFIG_WPS__ -D__CONFIG_EMF__ -D__CONFIG_IGMP_PROXY__ -DPHYMON -DLW_CUST -DVENDOR_BLUENET'"
#define NETSNMP_DISABLE_MIB_LOADING 1
#define NETSNMP_ENABLE_SCAPI_AUTHPRIV 1
#define NETSNMP_WITH_OPAQUE_SPECIAL_TYPES 1
#define NETSNMP_PERSISTENT_MASK 077
#define NETSNMP_TEMP_FILE_PATTERN "/tmp/snmpdXXXXXX"
#define NETSNMP_ALWAYS_DEBUG 1
#define NETSNMP_NO_DEBUGGING 1
#define NETSNMP_NO_DEPRECATED_FUNCTIONS 1
#define NETSNMP_NO_KMEM_USAGE 1
#define NETSNMP_NO_DUMMY_VALUES 1
#define NETSNMP_AGENTX_SOCKET "/var/agentx/master"
#define NETSNMP_MINIMAL_CODE 1
#define NETSNMP_DEFAULT_SNMP_VERSION 2
#define NETSNMP_SYS_CONTACT "admin@bluenet.com"
#define NETSNMP_SYS_LOC "shanghai"
#define NETSNMP_LOGFILE "/tmp/snmpd.log"
#define NETSNMP_PERSISTENT_DIRECTORY "/var/net-snmp"
#define UNAMEPROG "/bin/uname"
#define STDC_HEADERS 1
#define HAVE_SYS_TYPES_H 1
#define HAVE_SYS_STAT_H 1
#define HAVE_STDLIB_H 1
#define HAVE_STRING_H 1
#define HAVE_MEMORY_H 1
#define HAVE_STRINGS_H 1
#define HAVE_INTTYPES_H 1
#define HAVE_STDINT_H 1
#define HAVE_UNISTD_H 1
#define __EXTENSIONS__ 1
#define _ALL_SOURCE 1
#define _GNU_SOURCE 1
#define _POSIX_PTHREAD_SEMANTICS 1
#define _TANDEM_SOURCE 1

configure: exit 1
